---------- Date: 2020-08-28 00:20:13 ~ IP : 66.249.64.40 ----------
REQUEST URI : /dan-ta-don-bh-fitness-seated-leg-curl-l170pb.html
MOD DETAILS:
   modFile   : /var/sentora/hostdata/zadmin/public_html/hoangsports_com/vqmod/xml/vqmm_menu_shortcut.xml
   id        : VQMod Manager Menu Shortcut
   version   : 2.0.0
   vqmver    : 2.3.0
   author    : Jason Clark (mithereal@gmail.com)
VQModObject::parseMods - Could not resolve path for [admin/controller/common/menu.php] (SKIPPED)
VQModObject::parseMods - Could not resolve path for [admin/view/template/common/menu.tpl] (SKIPPED)
----------------------------------------------------------------------


---------- Date: 2020-08-28 07:48:26 ~ IP : 113.162.136.101 ----------
REQUEST URI : /
MOD DETAILS:
   modFile   : /var/sentora/hostdata/zadmin/public_html/hoangsports_com/vqmod/xml/news.xml
   id        : News
   version   : OC 2.x
   vqmver    : 2.0.0
   author    : Equotix

File Name    : catalog/view/theme/*/template/common/footer.tpl(0)
VQModObject::applyMod - SEARCH NOT FOUND (ABORTING MOD): <li><a href="<?php echo $voucher; ?>"><?php echo $text_voucher; ?></a></li>

----------------------------------------------------------------------


